

Microchip MPLAB XC8 Assembler V2.20 build 20200408173844 
                                                                                               Sun May 10 21:38:01 2020

Microchip MPLAB XC8 C Compiler v2.20 (Free license) build 20200408173844 Og1 
     1                           	processor	16F15356
     2                           	pagewidth 120
     3                           	opt	flic
     4                           	psect	cinit,global,class=CODE,merge=1,delta=2
     5                           	psect	cstackCOMMON,global,class=COMMON,space=1,delta=1,noexec
     6                           	psect	cstackBANK0,global,class=BANK0,space=1,delta=1,noexec
     7                           	psect	maintext,global,class=CODE,merge=1,split=1,delta=2
     8                           	psect	text1,local,class=CODE,merge=1,delta=2
     9                           	dabs	1,0x7E,2
    10  0000                     
    11                           ; Version 2.20
    12                           ; Generated 09/04/2020 GMT
    13                           ; 
    14                           ; Copyright © 2020, Microchip Technology Inc. and its subsidiaries ("Microchip")
    15                           ; All rights reserved.
    16                           ; 
    17                           ; This software is developed by Microchip Technology Inc. and its subsidiaries ("Microch
      +                          ip").
    18                           ; 
    19                           ; Redistribution and use in source and binary forms, with or without modification, are
    20                           ; permitted provided that the following conditions are met:
    21                           ; 
    22                           ;     1. Redistributions of source code must retain the above copyright notice, this lis
      +                          t of
    23                           ;        conditions and the following disclaimer.
    24                           ; 
    25                           ;     2. Redistributions in binary form must reproduce the above copyright notice, this 
      +                          list
    26                           ;        of conditions and the following disclaimer in the documentation and/or other
    27                           ;        materials provided with the distribution.
    28                           ; 
    29                           ;     3. Microchip's name may not be used to endorse or promote products derived from th
      +                          is
    30                           ;        software without specific prior written permission.
    31                           ; 
    32                           ; THIS SOFTWARE IS PROVIDED BY MICROCHIP "AS IS" AND ANY EXPRESS OR IMPLIED WARRANTIES,
    33                           ; INCLUDING, BUT NOT LIMITED TO, THE IMPLIED WARRANTIES OF MERCHANTABILITY AND FITNESS F
      +                          OR
    34                           ; PURPOSE ARE DISCLAIMED.  IN NO EVENT SHALL MICROCHIP BE LIABLE FOR ANY DIRECT, INDIREC
      +                          T,
    35                           ; INCIDENTAL, SPECIAL, EXEMPLARY, OR CONSEQUENTIAL DAMAGES (INCLUDING BUT NOT LIMITED TO
    36                           ; PROCUREMENT OF SUBSTITUTE GOODS OR SERVICES; LOSS OF USE, DATA OR PROFITS; OR BUSINESS
    37                           ; INTERRUPTION) HOWSOEVER CAUSED AND ON ANY THEORY OF LIABILITY, WHETHER IN CONTRACT, ST
      +                          RICT
    38                           ; LIABILITY, OR TORT (INCLUDING NEGLIGENCE OR OTHERWISE) ARISING IN ANY WAY OUT OF THE U
      +                          SE OF
    39                           ; THIS SOFTWARE, EVEN IF ADVISED OF THE POSSIBILITY OF SUCH DAMAGE.
    40                           ; 
    41                           ; 
    42                           ; Code-generator required, PIC16F15356 Definitions
    43                           ; 
    44                           ; SFR Addresses
    45  0000                     
    46                           	psect	cinit
    47  07FD                     start_initialization:	
    48                           ; #config settings
    49                           
    50  07FD                     __initialization:
    51  07FD                     end_of_initialization:	
    52                           ;End of C runtime variable initialization code
    53                           
    54  07FD                     __end_of__initialization:
    55  07FD  0140               	movlb	0
    56  07FE  3187  2FC8         	ljmp	_main	;jump to C main() function
    57                           
    58                           	psect	cstackCOMMON
    59  0070                     __pcstackCOMMON:
    60  0070                     ?_add:
    61  0070                     add@a:	
    62                           ; 2 bytes @ 0x0
    63                           
    64                           
    65                           ; 2 bytes @ 0x0
    66  0070                     	ds	2
    67  0072                     add@b:
    68                           
    69                           ; 2 bytes @ 0x2
    70  0072                     	ds	2
    71  0074                     ??_add:
    72  0074                     add@c:	
    73                           ; 1 bytes @ 0x4
    74                           
    75                           
    76                           ; 2 bytes @ 0x4
    77  0074                     	ds	2
    78  0076                     ?_main:
    79  0076                     main@argc:	
    80                           ; 2 bytes @ 0x6
    81                           
    82                           
    83                           ; 2 bytes @ 0x6
    84  0076                     	ds	2
    85  0078                     main@argv:
    86                           
    87                           ; 2 bytes @ 0x8
    88  0078                     	ds	2
    89  007A                     ??_main:
    90                           
    91                           ; 1 bytes @ 0xA
    92  007A                     	ds	1
    93                           
    94                           	psect	cstackBANK0
    95  0020                     __pcstackBANK0:
    96  0020                     	ds	2
    97  0022                     main@e:
    98                           
    99                           ; 2 bytes @ 0x2
   100  0022                     	ds	2
   101  0024                     main@p:
   102                           
   103                           ; 2 bytes @ 0x4
   104  0024                     	ds	2
   105  0026                     main@f:
   106                           
   107                           ; 2 bytes @ 0x6
   108  0026                     	ds	2
   109                           
   110                           	psect	maintext
   111  07C8                     __pmaintext:	
   112 ;;
   113 ;;Main: autosize = 0, tempsize = 1, incstack = 0, save=0
   114 ;;
   115 ;; *************** function _main *****************
   116 ;; Defined at:
   117 ;;		line 17 in file "newmain.c"
   118 ;; Parameters:    Size  Location     Type
   119 ;;  argc            2    6[COMMON] int 
   120 ;;  argv            2    8[COMMON] PTR PTR unsigned char 
   121 ;; Auto vars:     Size  Location     Type
   122 ;;  p               2    4[BANK0 ] int 
   123 ;;  f               2    6[BANK0 ] int 
   124 ;;  e               2    2[BANK0 ] int 
   125 ;;  d               2    0        int 
   126 ;; Return value:  Size  Location     Type
   127 ;;                  2    6[COMMON] int 
   128 ;; Registers used:
   129 ;;		wreg, status,2, status,0, pclath, cstack
   130 ;; Tracked objects:
   131 ;;		On entry : B3F/0
   132 ;;		On exit  : 0/0
   133 ;;		Unchanged: 0/0
   134 ;; Data sizes:     COMMON   BANK0   BANK1   BANK2   BANK3   BANK4   BANK5   BANK6   BANK7   BANK8   BANK9  BANK10  BANK1
      +1  BANK12  BANK13  BANK14  BANK15  BANK16  BANK17  BANK18  BANK19  BANK20  BANK21  BANK22  BANK23  BANK24  BANK25
   135 ;;      Params:         4       0       0       0       0       0       0       0       0       0       0       0       
      +0       0       0       0       0       0       0       0       0       0       0       0       0       0       0
   136 ;;      Locals:         0       8       0       0       0       0       0       0       0       0       0       0       
      +0       0       0       0       0       0       0       0       0       0       0       0       0       0       0
   137 ;;      Temps:          1       0       0       0       0       0       0       0       0       0       0       0       
      +0       0       0       0       0       0       0       0       0       0       0       0       0       0       0
   138 ;;      Totals:         5       8       0       0       0       0       0       0       0       0       0       0       
      +0       0       0       0       0       0       0       0       0       0       0       0       0       0       0
   139 ;;Total ram usage:       13 bytes
   140 ;; Hardware stack levels required when called:    1
   141 ;; This function calls:
   142 ;;		_add
   143 ;; This function is called by:
   144 ;;		Startup code after reset
   145 ;; This function uses a non-reentrant model
   146 ;;
   147                           
   148                           
   149                           ;psect for function _main
   150  07C8                     _main:
   151  07C8                     l574:	
   152                           ;incstack = 0
   153                           ; Regs used in _main: [wreg+status,2+status,0+pclath+cstack]
   154                           
   155                           
   156                           ;newmain.c: 19:     int e = 15;
   157  07C8  300F               	movlw	15
   158  07C9  0140               	movlb	0	; select bank0
   159  07CA  00A2               	movwf	main@e
   160  07CB  3000               	movlw	0
   161  07CC  00A3               	movwf	main@e+1
   162  07CD                     l576:
   163  07CD                     l578:
   164                           
   165                           ;newmain.c: 21:     f = add(d,e);
   166  07CD  300C               	movlw	12
   167  07CE  00F0               	movwf	add@a
   168  07CF  3000               	movlw	0
   169  07D0  00F1               	movwf	add@a+1
   170  07D1  300F               	movlw	15
   171  07D2  00F2               	movwf	add@b
   172  07D3  3000               	movlw	0
   173  07D4  00F3               	movwf	add@b+1
   174  07D5  3187  27BD  3187   	fcall	_add
   175  07D8  0871               	movf	?_add+1,w
   176  07D9  0140               	movlb	0	; select bank0
   177  07DA  00A7               	movwf	main@f+1
   178  07DB  0870               	movf	?_add,w
   179  07DC  00A6               	movwf	main@f
   180  07DD                     l580:
   181                           
   182                           ;newmain.c: 22:     f = f * 2;
   183  07DD  3526               	lslf	main@f,w
   184  07DE  00A6               	movwf	main@f
   185  07DF  0D27               	rlf	main@f+1,w
   186  07E0  00A7               	movwf	main@f+1
   187  07E1                     l582:
   188                           
   189                           ;newmain.c: 23:     for(int p=0;p<10;p++){
   190  07E1  01A4               	clrf	main@p
   191  07E2  01A5               	clrf	main@p+1
   192  07E3                     l588:
   193                           
   194                           ;newmain.c: 24:         f = f + 1;
   195  07E3  0140               	movlb	0	; select bank0
   196  07E4  0826               	movf	main@f,w
   197  07E5  3E01               	addlw	1
   198  07E6  00A6               	movwf	main@f
   199  07E7  3000               	movlw	0
   200  07E8  3D27               	addwfc	main@f+1,w
   201  07E9  00A7               	movwf	main@f+1
   202  07EA                     l590:
   203                           
   204                           ;newmain.c: 25:     }
   205  07EA  3001               	movlw	1
   206  07EB  07A4               	addwf	main@p,f
   207  07EC  3000               	movlw	0
   208  07ED  3DA5               	addwfc	main@p+1,f
   209  07EE                     l592:
   210  07EE  0825               	movf	main@p+1,w
   211  07EF  3A80               	xorlw	128
   212  07F0  00FA               	movwf	??_main
   213  07F1  3080               	movlw	128
   214  07F2  027A               	subwf	??_main,w
   215  07F3  1D03               	skipz
   216  07F4  2FF7               	goto	u25
   217  07F5  300A               	movlw	10
   218  07F6  0224               	subwf	main@p,w
   219  07F7                     u25:
   220  07F7  1C03               	skipc
   221  07F8  2FFA               	goto	u21
   222  07F9  2FFB               	goto	u20
   223  07FA                     u21:
   224  07FA  2FE3               	goto	l588
   225  07FB                     u20:
   226  07FB                     l9:
   227  07FB  3180  2802         	ljmp	start
   228  07FD                     __end_of_main:
   229                           
   230                           	psect	text1
   231  07BD                     __ptext1:	
   232 ;; *************** function _add *****************
   233 ;; Defined at:
   234 ;;		line 29 in file "newmain.c"
   235 ;; Parameters:    Size  Location     Type
   236 ;;  a               2    0[COMMON] int 
   237 ;;  b               2    2[COMMON] int 
   238 ;; Auto vars:     Size  Location     Type
   239 ;;  c               2    4[COMMON] int 
   240 ;; Return value:  Size  Location     Type
   241 ;;                  2    0[COMMON] int 
   242 ;; Registers used:
   243 ;;		wreg, status,2, status,0
   244 ;; Tracked objects:
   245 ;;		On entry : 0/0
   246 ;;		On exit  : 0/0
   247 ;;		Unchanged: 0/0
   248 ;; Data sizes:     COMMON   BANK0   BANK1   BANK2   BANK3   BANK4   BANK5   BANK6   BANK7   BANK8   BANK9  BANK10  BANK1
      +1  BANK12  BANK13  BANK14  BANK15  BANK16  BANK17  BANK18  BANK19  BANK20  BANK21  BANK22  BANK23  BANK24  BANK25
   249 ;;      Params:         4       0       0       0       0       0       0       0       0       0       0       0       
      +0       0       0       0       0       0       0       0       0       0       0       0       0       0       0
   250 ;;      Locals:         2       0       0       0       0       0       0       0       0       0       0       0       
      +0       0       0       0       0       0       0       0       0       0       0       0       0       0       0
   251 ;;      Temps:          0       0       0       0       0       0       0       0       0       0       0       0       
      +0       0       0       0       0       0       0       0       0       0       0       0       0       0       0
   252 ;;      Totals:         6       0       0       0       0       0       0       0       0       0       0       0       
      +0       0       0       0       0       0       0       0       0       0       0       0       0       0       0
   253 ;;Total ram usage:        6 bytes
   254 ;; Hardware stack levels used:    1
   255 ;; This function calls:
   256 ;;		Nothing
   257 ;; This function is called by:
   258 ;;		_main
   259 ;; This function uses a non-reentrant model
   260 ;;
   261                           
   262                           
   263                           ;psect for function _add
   264  07BD                     _add:
   265  07BD                     l566:	
   266                           ;incstack = 0
   267                           ; Regs used in _add: [wreg+status,2+status,0]
   268                           
   269  07BD                     l568:
   270                           
   271                           ;newmain.c: 31:     c = a + b;
   272  07BD  0872               	movf	add@b,w
   273  07BE  0770               	addwf	add@a,w
   274  07BF  00F4               	movwf	add@c
   275  07C0  0873               	movf	add@b+1,w
   276  07C1  3D71               	addwfc	add@a+1,w
   277  07C2  00F5               	movwf	add@c+1
   278  07C3                     l570:
   279                           
   280                           ;newmain.c: 32:     return c;
   281  07C3  0875               	movf	add@c+1,w
   282  07C4  00F1               	movwf	?_add+1
   283  07C5  0874               	movf	add@c,w
   284  07C6  00F0               	movwf	?_add
   285  07C7                     l12:
   286  07C7  0008               	return
   287  07C8                     __end_of_add:
   288  007E                     btemp	set	126	;btemp
   289  007E                     wtemp0	set	126

Data Sizes:
    Strings     0
    Constant    0
    Data        0
    BSS         0
    Persistent  32
    Stack       0

Auto Spaces:
    Space          Size  Autos    Used
    COMMON           14     11      11
    BANK0            80      8       8
    BANK1            80      0       0
    BANK2            80      0       0
    BANK3            80      0       0
    BANK4            80      0       0
    BANK5            80      0       0
    BANK6            80      0       0
    BANK7            80      0       0
    BANK8            80      0       0
    BANK9            80      0       0
    BANK10           80      0       0
    BANK11           80      0       0
    BANK12           80      0       0
    BANK13           80      0       0
    BANK14           80      0       0
    BANK15           80      0       0
    BANK16           80      0       0
    BANK17           80      0       0
    BANK18           80      0       0
    BANK19           80      0       0
    BANK20           80      0       0
    BANK21           80      0       0
    BANK22           80      0       0
    BANK23           80      0       0
    BANK24           80      0       0
    BANK25           32      0       0

Pointer List with Targets:

    None.

Critical Paths under _main in COMMON

    _main->_add

Critical Paths under _main in BANK0

    None.

Critical Paths under _main in BANK1

    None.

Critical Paths under _main in BANK2

    None.

Critical Paths under _main in BANK3

    None.

Critical Paths under _main in BANK4

    None.

Critical Paths under _main in BANK5

    None.

Critical Paths under _main in BANK6

    None.

Critical Paths under _main in BANK7

    None.

Critical Paths under _main in BANK8

    None.

Critical Paths under _main in BANK9

    None.

Critical Paths under _main in BANK10

    None.

Critical Paths under _main in BANK11

    None.

Critical Paths under _main in BANK12

    None.

Critical Paths under _main in BANK13

    None.

Critical Paths under _main in BANK14

    None.

Critical Paths under _main in BANK15

    None.

Critical Paths under _main in BANK16

    None.

Critical Paths under _main in BANK17

    None.

Critical Paths under _main in BANK18

    None.

Critical Paths under _main in BANK19

    None.

Critical Paths under _main in BANK20

    None.

Critical Paths under _main in BANK21

    None.

Critical Paths under _main in BANK22

    None.

Critical Paths under _main in BANK23

    None.

Critical Paths under _main in BANK24

    None.

Critical Paths under _main in BANK25

    None.

Call Graph Tables:

 ---------------------------------------------------------------------------------
 (Depth) Function   	        Calls       Base Space   Used Autos Params    Refs
 ---------------------------------------------------------------------------------
 (0) _main                                                13     9      4     360
                                              6 COMMON     5     1      4
                                              0 BANK0      8     8      0
                                _add
 ---------------------------------------------------------------------------------
 (1) _add                                                  6     2      4     220
                                              0 COMMON     6     2      4
 ---------------------------------------------------------------------------------
 Estimated maximum stack depth 1
 ---------------------------------------------------------------------------------

 Call Graph Graphs:

 _main (ROOT)
   _add

 Address spaces:
Name               Size   Autos  Total    Cost      Usage
BIGRAM             7F0      0       0       0        0.0%
NULL                 0      0       0       0        0.0%
CODE                 0      0       0       0        0.0%
BITCOMMON            E      0       0       1        0.0%
BITSFR0              0      0       0       1        0.0%
SFR0                 0      0       0       1        0.0%
COMMON               E      B       B       2       78.6%
BITSFR1              0      0       0       2        0.0%
SFR1                 0      0       0       2        0.0%
BITSFR2              0      0       0       3        0.0%
SFR2                 0      0       0       3        0.0%
STACK                0      0       0       3        0.0%
BITBANK0            50      0       0       4        0.0%
BITSFR3              0      0       0       4        0.0%
SFR3                 0      0       0       4        0.0%
BANK0               50      8       8       5       10.0%
BITSFR4              0      0       0       5        0.0%
SFR4                 0      0       0       5        0.0%
BITBANK1            50      0       0       6        0.0%
BITSFR5              0      0       0       6        0.0%
SFR5                 0      0       0       6        0.0%
BANK1               50      0       0       7        0.0%
BITSFR6              0      0       0       7        0.0%
SFR6                 0      0       0       7        0.0%
BITSFR7              0      0       0       8        0.0%
SFR7                 0      0       0       8        0.0%
ABS                  0      0       0       8        0.0%
BITBANK2            50      0       0       9        0.0%
BITSFR8              0      0       0       9        0.0%
SFR8                 0      0       0       9        0.0%
BANK2               50      0       0      10        0.0%
BITSFR9              0      0       0      10        0.0%
SFR9                 0      0       0      10        0.0%
BITBANK3            50      0       0      11        0.0%
BITSFR10             0      0       0      11        0.0%
SFR10                0      0       0      11        0.0%
BANK3               50      0       0      12        0.0%
BITSFR11             0      0       0      12        0.0%
SFR11                0      0       0      12        0.0%
BITBANK4            50      0       0      13        0.0%
BITSFR12             0      0       0      13        0.0%
SFR12                0      0       0      13        0.0%
BANK4               50      0       0      14        0.0%
BITSFR13             0      0       0      14        0.0%
SFR13                0      0       0      14        0.0%
BITBANK5            50      0       0      15        0.0%
BITSFR14             0      0       0      15        0.0%
SFR14                0      0       0      15        0.0%
BANK5               50      0       0      16        0.0%
BITSFR15             0      0       0      16        0.0%
SFR15                0      0       0      16        0.0%
BITBANK6            50      0       0      17        0.0%
BITSFR16             0      0       0      17        0.0%
SFR16                0      0       0      17        0.0%
BANK6               50      0       0      18        0.0%
BITSFR17             0      0       0      18        0.0%
SFR17                0      0       0      18        0.0%
BITBANK7            50      0       0      19        0.0%
BITSFR18             0      0       0      19        0.0%
SFR18                0      0       0      19        0.0%
BANK7               50      0       0      20        0.0%
BITSFR19             0      0       0      20        0.0%
SFR19                0      0       0      20        0.0%
BITBANK8            50      0       0      21        0.0%
BITSFR20             0      0       0      21        0.0%
SFR20                0      0       0      21        0.0%
BANK8               50      0       0      22        0.0%
BITSFR21             0      0       0      22        0.0%
SFR21                0      0       0      22        0.0%
BITBANK9            50      0       0      23        0.0%
BITSFR22             0      0       0      23        0.0%
SFR22                0      0       0      23        0.0%
BANK9               50      0       0      24        0.0%
BITSFR23             0      0       0      24        0.0%
SFR23                0      0       0      24        0.0%
BITBANK10           50      0       0      25        0.0%
BITSFR24             0      0       0      25        0.0%
SFR24                0      0       0      25        0.0%
BANK10              50      0       0      26        0.0%
BITSFR25             0      0       0      26        0.0%
SFR25                0      0       0      26        0.0%
BITBANK11           50      0       0      27        0.0%
BITSFR26             0      0       0      27        0.0%
SFR26                0      0       0      27        0.0%
BANK11              50      0       0      28        0.0%
BITSFR27             0      0       0      28        0.0%
SFR27                0      0       0      28        0.0%
BITBANK12           50      0       0      29        0.0%
BITSFR28             0      0       0      29        0.0%
SFR28                0      0       0      29        0.0%
BANK12              50      0       0      30        0.0%
BITSFR29             0      0       0      30        0.0%
SFR29                0      0       0      30        0.0%
BITBANK13           50      0       0      31        0.0%
BITSFR30             0      0       0      31        0.0%
SFR30                0      0       0      31        0.0%
BANK13              50      0       0      32        0.0%
BITSFR31             0      0       0      32        0.0%
SFR31                0      0       0      32        0.0%
BITBANK14           50      0       0      33        0.0%
BITSFR32             0      0       0      33        0.0%
SFR32                0      0       0      33        0.0%
BANK14              50      0       0      34        0.0%
BITSFR33             0      0       0      34        0.0%
SFR33                0      0       0      34        0.0%
BITBANK15           50      0       0      35        0.0%
BITSFR34             0      0       0      35        0.0%
SFR34                0      0       0      35        0.0%
BANK15              50      0       0      36        0.0%
BITSFR35             0      0       0      36        0.0%
SFR35                0      0       0      36        0.0%
BITBANK16           50      0       0      37        0.0%
BITSFR36             0      0       0      37        0.0%
SFR36                0      0       0      37        0.0%
BANK16              50      0       0      38        0.0%
BITSFR37             0      0       0      38        0.0%
SFR37                0      0       0      38        0.0%
BITBANK17           50      0       0      39        0.0%
BITSFR38             0      0       0      39        0.0%
SFR38                0      0       0      39        0.0%
BANK17              50      0       0      40        0.0%
BITSFR39             0      0       0      40        0.0%
SFR39                0      0       0      40        0.0%
BITBANK18           50      0       0      41        0.0%
BITSFR40             0      0       0      41        0.0%
SFR40                0      0       0      41        0.0%
BANK18              50      0       0      42        0.0%
BITSFR41             0      0       0      42        0.0%
SFR41                0      0       0      42        0.0%
BITBANK19           50      0       0      43        0.0%
BITSFR42             0      0       0      43        0.0%
SFR42                0      0       0      43        0.0%
BANK19              50      0       0      44        0.0%
BITSFR43             0      0       0      44        0.0%
SFR43                0      0       0      44        0.0%
BITBANK20           50      0       0      45        0.0%
BITSFR44             0      0       0      45        0.0%
SFR44                0      0       0      45        0.0%
BANK20              50      0       0      46        0.0%
BITSFR45             0      0       0      46        0.0%
SFR45                0      0       0      46        0.0%
BITBANK21           50      0       0      47        0.0%
BITSFR46             0      0       0      47        0.0%
SFR46                0      0       0      47        0.0%
BANK21              50      0       0      48        0.0%
BITSFR47             0      0       0      48        0.0%
SFR47                0      0       0      48        0.0%
BITBANK22           50      0       0      49        0.0%
BITSFR48             0      0       0      49        0.0%
SFR48                0      0       0      49        0.0%
BANK22              50      0       0      50        0.0%
BITSFR49             0      0       0      50        0.0%
SFR49                0      0       0      50        0.0%
BITBANK23           50      0       0      51        0.0%
BITSFR50             0      0       0      51        0.0%
SFR50                0      0       0      51        0.0%
BANK23              50      0       0      52        0.0%
BITSFR51             0      0       0      52        0.0%
SFR51                0      0       0      52        0.0%
BITBANK24           50      0       0      53        0.0%
BITSFR52             0      0       0      53        0.0%
SFR52                0      0       0      53        0.0%
BANK24              50      0       0      54        0.0%
BITSFR53             0      0       0      54        0.0%
SFR53                0      0       0      54        0.0%
BITBANK25           20      0       0      55        0.0%
BITSFR54             0      0       0      55        0.0%
SFR54                0      0       0      55        0.0%
BANK25              20      0       0      56        0.0%
BITSFR55             0      0       0      56        0.0%
SFR55                0      0       0      56        0.0%
BITSFR56             0      0       0      57        0.0%
SFR56                0      0       0      57        0.0%
DATA                 0      0       0      57        0.0%
BITSFR57             0      0       0      58        0.0%
SFR57                0      0       0      58        0.0%
BITSFR58             0      0       0      59        0.0%
SFR58                0      0       0      59        0.0%
BITSFR59             0      0       0      60        0.0%
SFR59                0      0       0      60        0.0%
BITSFR60             0      0       0      61        0.0%
SFR60                0      0       0      61        0.0%
BITSFR61             0      0       0      62        0.0%
SFR61                0      0       0      62        0.0%
BITSFR62             0      0       0      63        0.0%
SFR62                0      0       0      63        0.0%
BITSFR63             0      0       0      64        0.0%
SFR63                0      0       0      64        0.0%


Microchip Technology PIC Macro Assembler V2.20 build 20200408173844 
Symbol Table                                                                                   Sun May 10 21:38:01 2020

                      l9 07FB                       l12 07C7                       u20 07FB  
                     u21 07FA                       u25 07F7                      l570 07C3  
                    l580 07DD                      l566 07BD                      l590 07EA  
                    l582 07E1                      l574 07C8                      l568 07BD  
                    l592 07EE                      l576 07CD                      l578 07CD  
                    l588 07E3                      _add 07BD                     ?_add 0070  
                   add@a 0070                     add@b 0072                     add@c 0074  
                   _main 07C8                     btemp 007E                     start 0002  
                  ??_add 0074                    ?_main 0076                    main@e 0022  
                  main@f 0026                    main@p 0024                    wtemp0 007E  
        __initialization 07FD             __end_of_main 07FD                   ??_main 007A  
__end_of__initialization 07FD           __pcstackCOMMON 0070               __pmaintext 07C8  
                __ptext1 07BD             __size_of_add 000B     end_of_initialization 07FD  
    start_initialization 07FD              __end_of_add 07C8                ___latbits 0003  
          __pcstackBANK0 0020            __size_of_main 0035                 main@argc 0076  
               main@argv 0078  
